TN:
SF:C:\Elli\Telerik\Fourth\chefs-journal\src\polyfills.ts
FNF:0
FNH:0
LF:0
LH:0
BRF:0
BRH:0
end_of_record
TN:
SF:C:\Elli\Telerik\Fourth\chefs-journal\src\test.ts
FNF:0
FNH:0
DA:13,1
DA:18,1
DA:20,1
LF:3
LH:3
BRF:0
BRH:0
end_of_record
TN:
SF:C:\Elli\Telerik\Fourth\chefs-journal\src\app\core\recipe.service.ts
FN:14,(anonymous_0)
FN:16,(anonymous_1)
FN:45,(anonymous_2)
FN:48,(anonymous_3)
FN:51,(anonymous_4)
FN:54,(anonymous_5)
FNF:6
FNH:6
FNDA:12,(anonymous_0)
FNDA:4,(anonymous_1)
FNDA:2,(anonymous_2)
FNDA:2,(anonymous_3)
FNDA:1,(anonymous_4)
FNDA:2,(anonymous_5)
DA:12,1
DA:14,12
DA:18,4
DA:19,4
DA:20,3
DA:21,3
DA:23,3
DA:24,3
DA:26,3
DA:28,3
DA:29,1
DA:30,2
DA:31,1
DA:32,1
DA:33,1
DA:36,3
DA:37,3
DA:39,3
DA:40,3
DA:43,4
DA:46,2
DA:49,2
DA:52,1
DA:55,2
LF:24
LH:24
BRDA:19,0,0,3
BRDA:19,0,1,1
BRDA:20,1,0,3
BRDA:20,1,1,0
BRDA:23,2,0,3
BRDA:23,2,1,0
BRDA:26,3,0,3
BRDA:26,3,1,0
BRDA:28,4,0,1
BRDA:28,4,1,2
BRDA:28,5,0,3
BRDA:28,5,1,2
BRDA:30,6,0,1
BRDA:30,6,1,1
BRDA:32,7,0,1
BRDA:32,7,1,0
BRDA:36,8,0,3
BRDA:36,8,1,0
BRDA:39,9,0,3
BRDA:39,9,1,0
BRF:20
BRH:14
end_of_record
